c:\users\cristian\documents\github\repositoreishon\proyecto\proyecto\debug\vc120.pdb
c:\users\cristian\documents\github\repositoreishon\proyecto\proyecto\debug\vc120.idb
c:\users\cristian\documents\github\repositoreishon\proyecto\proyecto\debug\main.obj
c:\users\cristian\documents\github\repositoreishon\proyecto\proyecto\debug\game.obj
c:\users\cristian\documents\github\repositoreishon\proyecto\proyecto\debug\nave.obj
c:\users\cristian\documents\github\repositoreishon\proyecto\proyecto\debug\opegglimplement.obj
c:\users\cristian\documents\github\repositoreishon\proyecto\proyecto\debug\sprite.obj
c:\users\cristian\documents\github\repositoreishon\proyecto\proyecto\debug\spritedef.obj
c:\users\cristian\documents\github\repositoreishon\proyecto\proyecto\debug\stage.obj
c:\users\cristian\documents\github\proyectofinal9no\proyecto\proyecto\debug\vc120.pdb
c:\users\cristian\documents\github\proyectofinal9no\proyecto\proyecto\debug\vc120.idb
c:\users\cristian\documents\github\proyectofinal9no\proyecto\proyecto\debug\spritedef.obj
c:\users\cristian\documents\github\repositoreishon\proyecto\ejecutable\game.exe
c:\users\cristian\documents\github\repositoreishon\proyecto\ejecutable\game.pdb
c:\users\cristian\documents\github\proyectofinal9no\proyecto\proyecto\..\ejecutable\game.pdb
c:\users\cristian\documents\github\proyectofinal9no\proyecto\proyecto\..\ejecutable\game.exe
c:\users\cristian\documents\github\proyectofinal9no\proyecto\proyecto\debug\game.tlog\cl.command.1.tlog
c:\users\cristian\documents\github\proyectofinal9no\proyecto\proyecto\debug\game.tlog\cl.read.1.tlog
c:\users\cristian\documents\github\proyectofinal9no\proyecto\proyecto\debug\game.tlog\cl.write.1.tlog
c:\users\cristian\documents\github\proyectofinal9no\proyecto\proyecto\debug\game.tlog\link.command.1.tlog
c:\users\cristian\documents\github\proyectofinal9no\proyecto\proyecto\debug\game.tlog\link.read.1.tlog
c:\users\cristian\documents\github\proyectofinal9no\proyecto\proyecto\debug\game.tlog\link.write.1.tlog
