Compilación iniciada a las 13/08/2015 08:44:03 a. m..
     1>Proyecto "C:\Users\Cristian\Documents\Github\ProyectoFinal9no\Proyecto\Proyecto\Game.vcxproj" en el nodo 2 (Rebuild destinos).
     1>C:\Program Files (x86)\MSBuild\Microsoft.Cpp\v4.0\V120\Microsoft.CppBuild.targets(364,5): warning MSB8004: Output Directory does not end with a trailing slash.  This build instance will add the slash as it is required to allow proper evaluation of the Output Directory.
     1>ClCompile:
         C:\Program Files (x86)\Microsoft Visual Studio 12.0\VC\bin\CL.exe /c /IC:\Users\Cristian\Documents\Github\ProyectoFinal9no\Proyecto\Proyecto\\..\Librerias\sdl2\include /ZI /nologo /W3 /WX- /Od /Oy- /D USING_OPENGL /D _MBCS /D _MBCS /Gm /EHsc /RTC1 /MDd /GS /fp:precise /Zc:wchar_t /Zc:forScope /Fo"Debug\\" /Fd"Debug\vc120.pdb" /Gd /TP /analyze- /errorReport:prompt ..\..\app\Src\main\jni\src\main.cpp ..\..\app\Src\main\jni\src\Game.cpp ..\..\app\Src\main\jni\src\Nave.cpp ..\..\app\Src\main\jni\src\OpegGLImplement.cpp ..\..\app\Src\main\jni\src\Sprite.cpp ..\..\app\Src\main\jni\src\SpriteDeF.cpp ..\..\app\Src\main\jni\src\Stage.cpp
         Stage.cpp
     1>c1xx : fatal error C1083: No se puede abrir el archivo código fuente: '..\..\app\Src\main\jni\src\Stage.cpp': No such file or directory
         SpriteDeF.cpp
     1>c1xx : fatal error C1083: No se puede abrir el archivo código fuente: '..\..\app\Src\main\jni\src\SpriteDeF.cpp': No such file or directory
         Sprite.cpp
     1>c1xx : fatal error C1083: No se puede abrir el archivo código fuente: '..\..\app\Src\main\jni\src\Sprite.cpp': No such file or directory
         OpegGLImplement.cpp
     1>c1xx : fatal error C1083: No se puede abrir el archivo código fuente: '..\..\app\Src\main\jni\src\OpegGLImplement.cpp': No such file or directory
         Nave.cpp
     1>c1xx : fatal error C1083: No se puede abrir el archivo código fuente: '..\..\app\Src\main\jni\src\Nave.cpp': No such file or directory
         Game.cpp
     1>c1xx : fatal error C1083: No se puede abrir el archivo código fuente: '..\..\app\Src\main\jni\src\Game.cpp': No such file or directory
         main.cpp
     1>c1xx : fatal error C1083: No se puede abrir el archivo código fuente: '..\..\app\Src\main\jni\src\main.cpp': No such file or directory
         Generando código...
     1>Compilación del proyecto terminada "C:\Users\Cristian\Documents\Github\ProyectoFinal9no\Proyecto\Proyecto\Game.vcxproj" (Rebuild destinos) -- ERROR.

ERROR al compilar.

Tiempo transcurrido 00:00:01.43
